<?xml version="1.0" encoding="UTF-8"?>
<testsuite xmlns:xsi="http://www.w3.org/2001/XMLSchema-instance" xsi:noNamespaceSchemaLocation="https://maven.apache.org/surefire/maven-surefire-plugin/xsd/surefire-test-report-3.0.xsd" version="3.0" name="com.demo.WebControllerTest" time="3.156" tests="1" errors="0" skipped="0" failures="0">
  <properties>
[...]
</properties>
  <testcase name="contextLoads" classname="com.demo.WebControllerTest" time="0.015">
    <system-out><![CDATA[22:07:04.579 [main] INFO org.springframework.test.context.support.AnnotationConfigContextLoaderUtils -- Could not detect default configuration classes for test class [com.demo.WebControllerTest]: WebControllerTest does not declare any static, non-private, non-final, nested classes annotated with @Configuration.
22:07:04.793 [main] INFO org.springframework.boot.test.context.SpringBootTestContextBootstrapper -- Found @SpringBootConfiguration com.demo.Application for test class com.demo.WebControllerTest
22:07:04.956 [main] INFO org.springframework.boot.devtools.restart.RestartApplicationListener -- Restart disabled due to context in which it is running

  .   ____          _            __ _ _
 /\\ / ___'_ __ _ _(_)_ __  __ _ \ \ \ \
( ( )\___ | '_ | '_| | '_ \/ _` | \ \ \ \
 \\/  ___)| |_)| | | | | || (_| |  ) ) ) )
  '  |____| .__|_| |_|_| |_\__, | / / / /
 =========|_|==============|___/=/_/_/_/
 :: Spring Boot ::                (v3.2.4)

2025-04-27T22:07:05.538+01:00  INFO 26887 --- [           main] com.demo.WebControllerTest               : Starting WebControllerTest using Java 17.0.14 with PID 26887 (started by chonosus in /home/chonosus/DEVSECOPS-PFE)
2025-04-27T22:07:05.540+01:00  INFO 26887 --- [           main] com.demo.WebControllerTest               : No active profile set, falling back to 1 default profile: "default"
2025-04-27T22:07:06.683+01:00  INFO 26887 --- [           main] o.s.b.a.w.s.WelcomePageHandlerMapping    : Adding welcome page template: index
2025-04-27T22:07:07.137+01:00  WARN 26887 --- [           main] .s.s.UserDetailsServiceAutoConfiguration : 

Using generated security password: 3f0ee391-a814-4b01-ad53-71d6b6d11dd5

This generated password is for development use only. Your security configuration must be updated before running your application in production.

2025-04-27T22:07:07.336+01:00  INFO 26887 --- [           main] o.s.s.web.DefaultSecurityFilterChain     : Will secure any request with [org.springframework.security.web.session.DisableEncodeUrlFilter@21ad0060, org.springframework.security.web.context.request.async.WebAsyncManagerIntegrationFilter@5233b7ad, org.springframework.security.web.context.SecurityContextHolderFilter@255845b1, org.springframework.security.web.header.HeaderWriterFilter@72a1ccad, org.springframework.web.filter.CorsFilter@354d5692, org.springframework.security.web.csrf.CsrfFilter@184b3575, org.springframework.security.web.authentication.logout.LogoutFilter@76b49d0, org.springframework.security.web.authentication.UsernamePasswordAuthenticationFilter@1ca2d595, org.springframework.security.web.authentication.ui.DefaultLoginPageGeneratingFilter@7aead7d9, org.springframework.security.web.authentication.ui.DefaultLogoutPageGeneratingFilter@5c4f07c1, org.springframework.security.web.authentication.www.BasicAuthenticationFilter@141cee26, org.springframework.security.web.savedrequest.RequestCacheAwareFilter@59a79420, org.springframework.security.web.servletapi.SecurityContextHolderAwareRequestFilter@4a77d2a5, org.springframework.security.web.authentication.AnonymousAuthenticationFilter@15a8b228, org.springframework.security.web.access.ExceptionTranslationFilter@6e211727, org.springframework.security.web.access.intercept.AuthorizationFilter@17c95612]
2025-04-27T22:07:07.419+01:00  INFO 26887 --- [           main] o.s.b.t.m.w.SpringBootMockServletContext : Initializing Spring TestDispatcherServlet ''
2025-04-27T22:07:07.419+01:00  INFO 26887 --- [           main] o.s.t.web.servlet.TestDispatcherServlet  : Initializing Servlet ''
2025-04-27T22:07:07.421+01:00  INFO 26887 --- [           main] o.s.t.web.servlet.TestDispatcherServlet  : Completed initialization in 2 ms
2025-04-27T22:07:07.451+01:00  INFO 26887 --- [           main] com.demo.WebControllerTest               : Started WebControllerTest in 2.515 seconds (process running for 5.833)
]]></system-out>
  </testcase>
</testsuite>